<?xml version="1.0" encoding="UTF-8"?>
<testng-results skipped="0" failed="0" total="1" passed="1">
  <reporter-output>
  </reporter-output>
  <suite name="Surefire suite" duration-ms="16" started-at="2016-11-01T15:39:00Z" finished-at="2016-11-01T15:39:00Z">
    <groups>
    </groups>
    <test name="Surefire test" duration-ms="16" started-at="2016-11-01T15:39:00Z" finished-at="2016-11-01T15:39:00Z">
      <class name="TemaTest">
        <test-method status="PASS" signature="test1()[pri:0, instance:TemaTest@1f37ef1]" name="test1" duration-ms="16" started-at="2016-11-01T17:39:00Z" finished-at="2016-11-01T17:39:00Z">
          <reporter-output>
          </reporter-output>
        </test-method> <!-- test1 -->
      </class> <!-- TemaTest -->
    </test> <!-- Surefire test -->
  </suite> <!-- Surefire suite -->
</testng-results>
